0 info it worked if it ends with ok
1 verbose cli [ '/home/tim/github/nvm/v0.8.16/bin/node',
1 verbose cli   '/home/tim/github/nvm/v0.8.16/bin/npm',
1 verbose cli   'start' ]
2 info using npm@1.1.69
3 info using node@v0.8.16
4 verbose read json /home/tim/gitdns/package.json
5 warn package.json dnsgit@1.0.1 No README.md file found!
6 verbose run-script [ 'prestart', 'start', 'poststart' ]
7 info prestart dnsgit@1.0.1
8 info start dnsgit@1.0.1
9 verbose unsafe-perm in lifecycle true
10 silly exec sh "-c" "node app"
11 silly sh,-c,node app,/home/tim/gitdns spawning
12 info dnsgit@1.0.1 Failed to exec start script
13 error dnsgit@1.0.1 start: `node app`
13 error `sh "-c" "node app"` failed with 1
14 error Failed at the dnsgit@1.0.1 start script.
14 error This is most likely a problem with the dnsgit package,
14 error not with npm itself.
14 error Tell the author that this fails on your system:
14 error     node app
14 error You can get their info via:
14 error     npm owner ls dnsgit
14 error There is likely additional logging output above.
15 error System Linux 3.2.0-29-generic
16 error command "/home/tim/github/nvm/v0.8.16/bin/node" "/home/tim/github/nvm/v0.8.16/bin/npm" "start"
17 error cwd /home/tim/gitdns
18 error node -v v0.8.16
19 error npm -v 1.1.69
20 error code ELIFECYCLE
21 verbose exit [ 1, true ]
